<?xml version="1.0" encoding="UTF-8"?>
<!-- Generated by org.testng.reporters.JUnitReportReporter -->
<testsuite skipped="0" hostname="DESKTOP-IVGPN1D" name="com.demo.Steps.LoginStep" tests="1" failures="0" timestamp="27 Jul 2019 06:04:13 GMT" time="29.436" errors="0">
  <testcase name="logingmail" time="29.436" classname="com.demo.Steps.LoginStep"/>
</testsuite> <!-- com.demo.Steps.LoginStep -->
